<?xml version="1.0" encoding="UTF-8"?>
<!-- Generated by org.testng.reporters.JUnitReportReporter -->
<testsuite hostname="MyPC" failures="0" tests="1" name="LoginTest" time="0.718" errors="0" timestamp="2024-12-10T17:16:04 IST" skipped="0">
  <testcase classname="LoginTest" name="loginFunctionality" time="0.718"/>
  <system-out/>
</testsuite> <!-- LoginTest -->
